<?xml version="1.0" encoding="UTF-8"?>
<!-- Generated by org.testng.reporters.JUnitXMLReporter -->
<testsuite ignored="0" hostname="ATMECSINLT-601" failures="0" tests="17" name="test" time="1.598" errors="0" timestamp="2020-10-06T10:57:40 IST">
  <testcase classname="com.atmecs.demo_blazesite.basetest.BaseTest" name="@BeforeMethod beforeTest" time="-1.601962058843E9">
    <failure type="org.testng.TestNGException" message="
Parameter &amp;apos;browser&amp;apos; is required by BeforeMethod on method beforeTest but has not been marked @Optional or defined
in C:\Users\alfin.anthonyraj\Automation_Selenium\demo_blazesite\testng.xml">
      <![CDATA[org.testng.TestNGException: 
Parameter 'browser' is required by BeforeMethod on method beforeTest but has not been marked @Optional or defined
in C:\Users\alfin.anthonyraj\Automation_Selenium\demo_blazesite\testng.xml
at java.base/java.util.ArrayList.forEach(ArrayList.java:1510)
... Removed 28 stack frames]]>
    </failure>
  </testcase> <!-- @BeforeMethod beforeTest -->
  <testcase classname="com.atmecs.demo_blazesite.basetest.BaseTest" name="@AfterMethod afterTest" time="-1.601962058868E9">
    <skipped/>
  </testcase> <!-- @AfterMethod afterTest -->
  <testcase classname="com.atmecs.demo_blazesite.basetest.BaseTest" name="@BeforeMethod beforeTest" time="-1.601962060173E9">
    <failure type="org.testng.TestNGException" message="
Parameter &amp;apos;browser&amp;apos; is required by BeforeMethod on method beforeTest but has not been marked @Optional or defined
in C:\Users\alfin.anthonyraj\Automation_Selenium\demo_blazesite\testng.xml">
      <![CDATA[org.testng.TestNGException: 
Parameter 'browser' is required by BeforeMethod on method beforeTest but has not been marked @Optional or defined
in C:\Users\alfin.anthonyraj\Automation_Selenium\demo_blazesite\testng.xml
at java.base/java.util.ArrayList.forEach(ArrayList.java:1510)
... Removed 28 stack frames]]>
    </failure>
  </testcase> <!-- @BeforeMethod beforeTest -->
  <testcase classname="com.atmecs.demo_blazesite.basetest.BaseTest" name="@AfterMethod afterTest" time="-1.601962060182E9">
    <skipped/>
  </testcase> <!-- @AfterMethod afterTest -->
  <testcase classname="com.atmecs.demo_blazesite.basetest.BaseTest" name="@BeforeMethod beforeTest" time="-1.601962060183E9">
    <skipped/>
  </testcase> <!-- @BeforeMethod beforeTest -->
  <testcase classname="com.atmecs.demo_blazesite.basetest.BaseTest" name="@AfterMethod afterTest" time="-1.601962060188E9">
    <skipped/>
  </testcase> <!-- @AfterMethod afterTest -->
  <testcase classname="com.atmecs.demo_blazesite.basetest.BaseTest" name="@BeforeMethod beforeTest" time="-1.60196206019E9">
    <skipped/>
  </testcase> <!-- @BeforeMethod beforeTest -->
  <testcase classname="com.atmecs.demo_blazesite.basetest.BaseTest" name="@AfterMethod afterTest" time="-1.601962060195E9">
    <skipped/>
  </testcase> <!-- @AfterMethod afterTest -->
  <testcase classname="com.atmecs.demo_blazesite.basetest.BaseTest" name="@BeforeMethod beforeTest" time="-1.601962060197E9">
    <skipped/>
  </testcase> <!-- @BeforeMethod beforeTest -->
  <testcase classname="com.atmecs.demo_blazesite.basetest.BaseTest" name="@AfterMethod afterTest" time="-1.601962060202E9">
    <skipped/>
  </testcase> <!-- @AfterMethod afterTest -->
  <testcase classname="com.atmecs.demo_blazesite.basetest.BaseTest" name="@BeforeMethod beforeTest" time="-1.601962060204E9">
    <skipped/>
  </testcase> <!-- @BeforeMethod beforeTest -->
  <testcase classname="com.atmecs.demo_blazesite.basetest.BaseTest" name="@AfterMethod afterTest" time="-1.60196206021E9">
    <skipped/>
  </testcase> <!-- @AfterMethod afterTest -->
  <testcase classname="com.atmecs.demo_blazesite.basetest.BaseTest" name="@BeforeMethod beforeTest" time="-1.601962060211E9">
    <skipped/>
  </testcase> <!-- @BeforeMethod beforeTest -->
  <testcase classname="com.atmecs.demo_blazesite.basetest.BaseTest" name="@AfterMethod afterTest" time="-1.601962060216E9">
    <skipped/>
  </testcase> <!-- @AfterMethod afterTest -->
  <testcase classname="com.atmecs.demo_blazesite.basetest.BaseTest" name="@BeforeMethod beforeTest" time="-1.601962060283E9">
    <failure type="org.testng.TestNGException" message="
Parameter &amp;apos;browser&amp;apos; is required by BeforeMethod on method beforeTest but has not been marked @Optional or defined
in C:\Users\alfin.anthonyraj\Automation_Selenium\demo_blazesite\testng.xml">
      <![CDATA[org.testng.TestNGException: 
Parameter 'browser' is required by BeforeMethod on method beforeTest but has not been marked @Optional or defined
in C:\Users\alfin.anthonyraj\Automation_Selenium\demo_blazesite\testng.xml
at java.base/java.util.ArrayList.forEach(ArrayList.java:1510)
... Removed 28 stack frames]]>
    </failure>
  </testcase> <!-- @BeforeMethod beforeTest -->
  <testcase classname="com.atmecs.demo_blazesite.basetest.BaseTest" name="@AfterMethod afterTest" time="-1.601962060288E9">
    <skipped/>
  </testcase> <!-- @AfterMethod afterTest -->
  <testcase classname="com.atmecs.demo_blazesite.basetest.BaseTest" name="@BeforeMethod beforeTest" time="-1.60196206029E9">
    <skipped/>
  </testcase> <!-- @BeforeMethod beforeTest -->
  <testcase classname="com.atmecs.demo_blazesite.basetest.BaseTest" name="@AfterMethod afterTest" time="-1.601962060294E9">
    <skipped/>
  </testcase> <!-- @AfterMethod afterTest -->
  <testcase classname="com.atmecs.demo_blazesite.basetest.BaseTest" name="@BeforeMethod beforeTest" time="-1.601962060297E9">
    <skipped/>
  </testcase> <!-- @BeforeMethod beforeTest -->
  <testcase classname="com.atmecs.demo_blazesite.basetest.BaseTest" name="@AfterMethod afterTest" time="-1.601962060301E9">
    <skipped/>
  </testcase> <!-- @AfterMethod afterTest -->
  <testcase classname="com.atmecs.demo_blazesite.basetest.BaseTest" name="@BeforeMethod beforeTest" time="-1.601962060302E9">
    <skipped/>
  </testcase> <!-- @BeforeMethod beforeTest -->
  <testcase classname="com.atmecs.demo_blazesite.basetest.BaseTest" name="@AfterMethod afterTest" time="-1.601962060305E9">
    <skipped/>
  </testcase> <!-- @AfterMethod afterTest -->
  <testcase classname="com.atmecs.demo_blazesite.basetest.BaseTest" name="@BeforeMethod beforeTest" time="-1.601962060307E9">
    <skipped/>
  </testcase> <!-- @BeforeMethod beforeTest -->
  <testcase classname="com.atmecs.demo_blazesite.basetest.BaseTest" name="@AfterMethod afterTest" time="-1.601962060312E9">
    <skipped/>
  </testcase> <!-- @AfterMethod afterTest -->
  <testcase classname="com.atmecs.demo_blazesite.basetest.BaseTest" name="@BeforeMethod beforeTest" time="-1.601962060364E9">
    <failure type="org.testng.TestNGException" message="
Parameter &amp;apos;browser&amp;apos; is required by BeforeMethod on method beforeTest but has not been marked @Optional or defined
in C:\Users\alfin.anthonyraj\Automation_Selenium\demo_blazesite\testng.xml">
      <![CDATA[org.testng.TestNGException: 
Parameter 'browser' is required by BeforeMethod on method beforeTest but has not been marked @Optional or defined
in C:\Users\alfin.anthonyraj\Automation_Selenium\demo_blazesite\testng.xml
at java.base/java.util.ArrayList.forEach(ArrayList.java:1510)
... Removed 28 stack frames]]>
    </failure>
  </testcase> <!-- @BeforeMethod beforeTest -->
  <testcase classname="com.atmecs.demo_blazesite.basetest.BaseTest" name="@AfterMethod afterTest" time="-1.601962060368E9">
    <skipped/>
  </testcase> <!-- @AfterMethod afterTest -->
  <testcase classname="com.atmecs.demo_blazesite.basetest.BaseTest" name="@BeforeMethod beforeTest" time="-1.60196206037E9">
    <skipped/>
  </testcase> <!-- @BeforeMethod beforeTest -->
  <testcase classname="com.atmecs.demo_blazesite.basetest.BaseTest" name="@AfterMethod afterTest" time="-1.601962060374E9">
    <skipped/>
  </testcase> <!-- @AfterMethod afterTest -->
  <testcase classname="com.atmecs.demo_blazesite.basetest.BaseTest" name="@BeforeMethod beforeTest" time="-1.601962060376E9">
    <skipped/>
  </testcase> <!-- @BeforeMethod beforeTest -->
  <testcase classname="com.atmecs.demo_blazesite.basetest.BaseTest" name="@AfterMethod afterTest" time="-1.60196206038E9">
    <skipped/>
  </testcase> <!-- @AfterMethod afterTest -->
  <testcase classname="com.atmecs.demo_blazesite.basetest.BaseTest" name="@BeforeMethod beforeTest" time="-1.601962060381E9">
    <skipped/>
  </testcase> <!-- @BeforeMethod beforeTest -->
  <testcase classname="com.atmecs.demo_blazesite.basetest.BaseTest" name="@AfterMethod afterTest" time="-1.601962060385E9">
    <skipped/>
  </testcase> <!-- @AfterMethod afterTest -->
  <testcase classname="com.atmecs.demo_blazesite.basetest.BaseTest" name="@BeforeMethod beforeTest" time="-1.601962060387E9">
    <skipped/>
  </testcase> <!-- @BeforeMethod beforeTest -->
  <testcase classname="com.atmecs.demo_blazesite.basetest.BaseTest" name="@AfterMethod afterTest" time="-1.601962060394E9">
    <skipped/>
  </testcase> <!-- @AfterMethod afterTest -->
  <testcase classname="com.atmecs.demo_blazesite.tests.AddProduct" name="addProduct" time="0.0">
    <skipped/>
  </testcase> <!-- addProduct -->
  <testcase classname="com.atmecs.demo_blazesite.tests.ContactUs" name="contactUs" time="0.0">
    <skipped/>
  </testcase> <!-- contactUs -->
  <testcase classname="com.atmecs.demo_blazesite.tests.ContactUs" name="contactUs" time="0.0">
    <skipped/>
  </testcase> <!-- contactUs -->
  <testcase classname="com.atmecs.demo_blazesite.tests.ContactUs" name="contactUs" time="0.0">
    <skipped/>
  </testcase> <!-- contactUs -->
  <testcase classname="com.atmecs.demo_blazesite.tests.ContactUs" name="contactUs" time="0.0">
    <skipped/>
  </testcase> <!-- contactUs -->
  <testcase classname="com.atmecs.demo_blazesite.tests.ContactUs" name="contactUs" time="0.0">
    <skipped/>
  </testcase> <!-- contactUs -->
  <testcase classname="com.atmecs.demo_blazesite.tests.ContactUs" name="contactUs" time="0.0">
    <skipped/>
  </testcase> <!-- contactUs -->
  <testcase classname="com.atmecs.demo_blazesite.tests.SignIn" name="signIn" time="0.0">
    <skipped/>
  </testcase> <!-- signIn -->
  <testcase classname="com.atmecs.demo_blazesite.tests.SignIn" name="signIn" time="0.0">
    <skipped/>
  </testcase> <!-- signIn -->
  <testcase classname="com.atmecs.demo_blazesite.tests.SignIn" name="signIn" time="0.0">
    <skipped/>
  </testcase> <!-- signIn -->
  <testcase classname="com.atmecs.demo_blazesite.tests.SignIn" name="signIn" time="0.0">
    <skipped/>
  </testcase> <!-- signIn -->
  <testcase classname="com.atmecs.demo_blazesite.tests.SignIn" name="signIn" time="0.0">
    <skipped/>
  </testcase> <!-- signIn -->
  <testcase classname="com.atmecs.demo_blazesite.tests.Login" name="logIn" time="0.0">
    <skipped/>
  </testcase> <!-- logIn -->
  <testcase classname="com.atmecs.demo_blazesite.tests.Login" name="logIn" time="0.0">
    <skipped/>
  </testcase> <!-- logIn -->
  <testcase classname="com.atmecs.demo_blazesite.tests.Login" name="logIn" time="0.0">
    <skipped/>
  </testcase> <!-- logIn -->
  <testcase classname="com.atmecs.demo_blazesite.tests.Login" name="logIn" time="0.0">
    <skipped/>
  </testcase> <!-- logIn -->
  <testcase classname="com.atmecs.demo_blazesite.tests.Login" name="logIn" time="0.0">
    <skipped/>
  </testcase> <!-- logIn -->
</testsuite> <!-- test -->
