<?xml version="1.0" encoding="UTF-8"?>
<!-- Generated by org.testng.reporters.JUnitXMLReporter -->
<testsuite ignored="0" hostname="ATMECSINLT-601" failures="1" tests="12" name="firefox" time="115.67" errors="0" timestamp="2020-10-05T16:59:40 IST">
  <testcase classname="com.atmecs.demo_blazesite.tests.ContactUs" name="contactUs" time="0.038">
    <failure type="org.testng.internal.reflect.MethodMatcherException" message="
[public void com.atmecs.demo_blazesite.tests.ContactUs.contactUs(java.lang.String,java.lang.String,java.lang.String) throws java.lang.InterruptedException,java.io.IOException] has no parameters defined but was found to be using a data provider (either explicitly specified or inherited from class level annotation).
Data provider mismatch
Method: contactUs([Parameter{index=0, type=java.lang.String, declaredAnnotations=[]}, Parameter{index=1, type=java.lang.String, declaredAnnotations=[]}, Parameter{index=2, type=java.lang.String, declaredAnnotations=[]}])
Arguments: [(java.lang.String) dev,(java.lang.String) Dev@12]">
      <![CDATA[org.testng.internal.reflect.MethodMatcherException: 
[public void com.atmecs.demo_blazesite.tests.ContactUs.contactUs(java.lang.String,java.lang.String,java.lang.String) throws java.lang.InterruptedException,java.io.IOException] has no parameters defined but was found to be using a data provider (either explicitly specified or inherited from class level annotation).
Data provider mismatch
Method: contactUs([Parameter{index=0, type=java.lang.String, declaredAnnotations=[]}, Parameter{index=1, type=java.lang.String, declaredAnnotations=[]}, Parameter{index=2, type=java.lang.String, declaredAnnotations=[]}])
Arguments: [(java.lang.String) dev,(java.lang.String) Dev@12]
at java.base/java.util.concurrent.ThreadPoolExecutor.runWorker(ThreadPoolExecutor.java:1130)
at java.base/java.util.concurrent.ThreadPoolExecutor$Worker.run(ThreadPoolExecutor.java:630)
at java.base/java.lang.Thread.run(Thread.java:832)
... Removed 7 stack frames]]>
    </failure>
  </testcase> <!-- contactUs -->
  <testcase classname="com.atmecs.demo_blazesite.tests.SignIn" name="signIn" time="4.102"/>
  <testcase classname="com.atmecs.demo_blazesite.tests.Login" name="logIn" time="4.177"/>
  <testcase classname="com.atmecs.demo_blazesite.tests.AddProduct" name="addProduct" time="9.076"/>
  <testcase classname="com.atmecs.demo_blazesite.tests.Login" name="logIn" time="0.928"/>
  <testcase classname="com.atmecs.demo_blazesite.tests.SignIn" name="signIn" time="1.452"/>
  <testcase classname="com.atmecs.demo_blazesite.tests.Login" name="logIn" time="1.117"/>
  <testcase classname="com.atmecs.demo_blazesite.tests.SignIn" name="signIn" time="2.157"/>
  <testcase classname="com.atmecs.demo_blazesite.tests.SignIn" name="signIn" time="2.138"/>
  <testcase classname="com.atmecs.demo_blazesite.tests.Login" name="logIn" time="0.982"/>
  <testcase classname="com.atmecs.demo_blazesite.tests.Login" name="logIn" time="0.818"/>
  <testcase classname="com.atmecs.demo_blazesite.tests.SignIn" name="signIn" time="1.872"/>
</testsuite> <!-- firefox -->
