<html>
<head>
<title>TestNG:  test2</title>
<link href="../testng.css" rel="stylesheet" type="text/css" />
<link href="../my-testng.css" rel="stylesheet" type="text/css" />

<style type="text/css">
.log { display: none;} 
.stack-trace { display: none;} 
</style>
<script type="text/javascript">
<!--
function flip(e) {
  current = e.style.display;
  if (current == 'block') {
    e.style.display = 'none';
    return 0;
  }
  else {
    e.style.display = 'block';
    return 1;
  }
}

function toggleBox(szDivId, elem, msg1, msg2)
{
  var res = -1;  if (document.getElementById) {
    res = flip(document.getElementById(szDivId));
  }
  else if (document.all) {
    // this is the way old msie versions work
    res = flip(document.all[szDivId]);
  }
  if(elem) {
    if(res == 0) elem.innerHTML = msg1; else elem.innerHTML = msg2;
  }

}

function toggleAllBoxes() {
  if (document.getElementsByTagName) {
    d = document.getElementsByTagName('div');
    for (i = 0; i < d.length; i++) {
      if (d[i].className == 'log') {
        flip(d[i]);
      }
    }
  }
}

// -->
</script>

</head>
<body>
<h2 align='center'>test2</h2><table border='1' align="center">
<tr>
<td>Tests passed/Failed/Skipped:</td><td>16/1/0</td>
</tr><tr>
<td>Started on:</td><td>Fri Oct 09 15:23:51 IST 2020</td>
</tr>
<tr><td>Total time:</td><td>280 seconds (280272 ms)</td>
</tr><tr>
<td>Included groups:</td><td></td>
</tr><tr>
<td>Excluded groups:</td><td></td>
</tr>
</table><p/>
<small><i>(Hover the method name to see the test class name)</i></small><p/>
<table width='100%' border='1' class='invocation-failed'>
<tr><td colspan='4' align='center'><b>FAILED TESTS</b></td></tr>
<tr><td><b>Test method</b></td>
<td width="30%"><b>Exception</b></td>
<td width="10%"><b>Time (seconds)</b></td>
<td><b>Instance</b></td>
</tr>
<tr>
<td title='com.atmecs.demo_blazesite.tests.SignInTest.signIn()'><b>signIn</b><br>Test class: com.atmecs.demo_blazesite.tests.SignInTest<br>Parameters: dev, Dev@12</td>
<td><div><pre>org.openqa.selenium.TimeoutException: Expected condition failed: waiting for alert to be present (tried for 5 second(s) with 500 milliseconds interval)
Build info: version: &apos;3.141.59&apos;, revision: &apos;e82be7d358&apos;, time: &apos;2018-11-14T08:17:03&apos;
System info: host: &apos;ATMECSINLT-601&apos;, ip: &apos;192.168.163.1&apos;, os.name: &apos;Windows 10&apos;, os.arch: &apos;amd64&apos;, os.version: &apos;10.0&apos;, java.version: &apos;14.0.1&apos;
Driver info: org.openqa.selenium.firefox.FirefoxDriver
Capabilities {acceptInsecureCerts: true, browserName: firefox, browserVersion: 80.0.1, javascriptEnabled: true, moz:accessibilityChecks: false, moz:buildID: 20200831163820, moz:geckodriverVersion: 0.27.0, moz:headless: false, moz:processID: 19216, moz:profile: C:\Users\alfin.anthonyraj\A..., moz:shutdownTimeout: 60000, moz:useNonSpecCompliantPointerOrigin: false, moz:webdriverClick: true, pageLoadStrategy: normal, platform: WINDOWS, platformName: WINDOWS, platformVersion: 10.0, rotatable: false, setWindowRect: true, strictFileInteractability: false, timeouts: {implicit: 0, pageLoad: 300000, script: 30000}, unhandledPromptBehavior: dismiss and notify}
Session ID: e059dd8b-f8d9-4eac-9db1-bc29eeded628
	at org.openqa.selenium.support.ui.WebDriverWait.timeoutException(WebDriverWait.java:95)
	at org.openqa.selenium.support.ui.FluentWait.until(FluentWait.java:272)
	at com.atmecs.demo_blazesite.helpers.Helpers.WaitAndSwitchToAlert(Helpers.java:22)
	at com.atmecs.demo_blazesite.pagehelper.SignInPage.signUpTest(SignInPage.java:53)
	at com.atmecs.demo_blazesite.tests.SignInTest.signIn(SignInTest.java:17)
	at java.base/java.util.ArrayList.forEach(ArrayList.java:1510)
	at java.base/java.util.concurrent.FutureTask.run(FutureTask.java:264)
	at java.base/java.util.concurrent.ThreadPoolExecutor.runWorker(ThreadPoolExecutor.java:1130)
	at java.base/java.util.concurrent.ThreadPoolExecutor$Worker.run(ThreadPoolExecutor.java:630)
	at java.base/java.lang.Thread.run(Thread.java:832)
... Removed 18 stack frames</pre></div><a href='#' onClick='toggleBox("stack-trace1548885857", this, "Click to show all stack frames", "Click to hide stack frames")'>Click to show all stack frames</a>
<div class='stack-trace' id='stack-trace1548885857'><pre>org.openqa.selenium.TimeoutException: Expected condition failed: waiting for alert to be present (tried for 5 second(s) with 500 milliseconds interval)
Build info: version: &apos;3.141.59&apos;, revision: &apos;e82be7d358&apos;, time: &apos;2018-11-14T08:17:03&apos;
System info: host: &apos;ATMECSINLT-601&apos;, ip: &apos;192.168.163.1&apos;, os.name: &apos;Windows 10&apos;, os.arch: &apos;amd64&apos;, os.version: &apos;10.0&apos;, java.version: &apos;14.0.1&apos;
Driver info: org.openqa.selenium.firefox.FirefoxDriver
Capabilities {acceptInsecureCerts: true, browserName: firefox, browserVersion: 80.0.1, javascriptEnabled: true, moz:accessibilityChecks: false, moz:buildID: 20200831163820, moz:geckodriverVersion: 0.27.0, moz:headless: false, moz:processID: 19216, moz:profile: C:\Users\alfin.anthonyraj\A..., moz:shutdownTimeout: 60000, moz:useNonSpecCompliantPointerOrigin: false, moz:webdriverClick: true, pageLoadStrategy: normal, platform: WINDOWS, platformName: WINDOWS, platformVersion: 10.0, rotatable: false, setWindowRect: true, strictFileInteractability: false, timeouts: {implicit: 0, pageLoad: 300000, script: 30000}, unhandledPromptBehavior: dismiss and notify}
Session ID: e059dd8b-f8d9-4eac-9db1-bc29eeded628
	at org.openqa.selenium.support.ui.WebDriverWait.timeoutException(WebDriverWait.java:95)
	at org.openqa.selenium.support.ui.FluentWait.until(FluentWait.java:272)
	at com.atmecs.demo_blazesite.helpers.Helpers.WaitAndSwitchToAlert(Helpers.java:22)
	at com.atmecs.demo_blazesite.pagehelper.SignInPage.signUpTest(SignInPage.java:53)
	at com.atmecs.demo_blazesite.tests.SignInTest.signIn(SignInTest.java:17)
	at java.base/jdk.internal.reflect.NativeMethodAccessorImpl.invoke0(Native Method)
	at java.base/jdk.internal.reflect.NativeMethodAccessorImpl.invoke(NativeMethodAccessorImpl.java:62)
	at java.base/jdk.internal.reflect.DelegatingMethodAccessorImpl.invoke(DelegatingMethodAccessorImpl.java:43)
	at java.base/java.lang.reflect.Method.invoke(Method.java:564)
	at org.testng.internal.MethodInvocationHelper.invokeMethod(MethodInvocationHelper.java:132)
	at org.testng.internal.TestInvoker.invokeMethod(TestInvoker.java:599)
	at org.testng.internal.TestInvoker.invokeTestMethod(TestInvoker.java:174)
	at org.testng.internal.MethodRunner.runInSequence(MethodRunner.java:46)
	at org.testng.internal.TestInvoker$MethodInvocationAgent.invoke(TestInvoker.java:822)
	at org.testng.internal.TestInvoker.invokeTestMethods(TestInvoker.java:147)
	at org.testng.internal.TestMethodWorker.invokeTestMethods(TestMethodWorker.java:146)
	at org.testng.internal.TestMethodWorker.run(TestMethodWorker.java:128)
	at java.base/java.util.ArrayList.forEach(ArrayList.java:1510)
	at org.testng.TestRunner.privateRun(TestRunner.java:764)
	at org.testng.TestRunner.run(TestRunner.java:585)
	at org.testng.SuiteRunner.runTest(SuiteRunner.java:384)
	at org.testng.SuiteRunner.access$000(SuiteRunner.java:28)
	at org.testng.SuiteRunner$SuiteWorker.run(SuiteRunner.java:425)
	at org.testng.internal.thread.ThreadUtil.lambda$execute$0(ThreadUtil.java:66)
	at java.base/java.util.concurrent.FutureTask.run(FutureTask.java:264)
	at java.base/java.util.concurrent.ThreadPoolExecutor.runWorker(ThreadPoolExecutor.java:1130)
	at java.base/java.util.concurrent.ThreadPoolExecutor$Worker.run(ThreadPoolExecutor.java:630)
	at java.base/java.lang.Thread.run(Thread.java:832)
</pre></div></td>
<td>5</td>
<td>com.atmecs.demo_blazesite.tests.SignInTest@23f7d05d</td></tr>
</table><p>
<table width='100%' border='1' class='invocation-passed'>
<tr><td colspan='4' align='center'><b>PASSED TESTS</b></td></tr>
<tr><td><b>Test method</b></td>
<td width="30%"><b>Exception</b></td>
<td width="10%"><b>Time (seconds)</b></td>
<td><b>Instance</b></td>
</tr>
<tr>
<td title='com.atmecs.demo_blazesite.tests.AddProductTest.addProduct()'><b>addProduct</b><br>Test class: com.atmecs.demo_blazesite.tests.AddProductTest</td>
<td></td>
<td>6</td>
<td>com.atmecs.demo_blazesite.tests.AddProductTest@4c15e7fd</td></tr>
<tr>
<td title='com.atmecs.demo_blazesite.tests.ContactUsTest.contactUs()'><b>contactUs</b><br>Test class: com.atmecs.demo_blazesite.tests.ContactUsTest<br>Parameters: abc@gmail.com, abc, Good One</td>
<td></td>
<td>0</td>
<td>com.atmecs.demo_blazesite.tests.ContactUsTest@23986957</td></tr>
<tr>
<td title='com.atmecs.demo_blazesite.tests.ContactUsTest.contactUs()'><b>contactUs</b><br>Test class: com.atmecs.demo_blazesite.tests.ContactUsTest<br>Parameters: def@gmail.com, abc, Good One</td>
<td></td>
<td>0</td>
<td>com.atmecs.demo_blazesite.tests.ContactUsTest@23986957</td></tr>
<tr>
<td title='com.atmecs.demo_blazesite.tests.ContactUsTest.contactUs()'><b>contactUs</b><br>Test class: com.atmecs.demo_blazesite.tests.ContactUsTest<br>Parameters: abc@gmail.com, abc, Good One</td>
<td></td>
<td>0</td>
<td>com.atmecs.demo_blazesite.tests.ContactUsTest@23986957</td></tr>
<tr>
<td title='com.atmecs.demo_blazesite.tests.ContactUsTest.contactUs()'><b>contactUs</b><br>Test class: com.atmecs.demo_blazesite.tests.ContactUsTest<br>Parameters: def@gmail.com, abc, Good One</td>
<td></td>
<td>0</td>
<td>com.atmecs.demo_blazesite.tests.ContactUsTest@23986957</td></tr>
<tr>
<td title='com.atmecs.demo_blazesite.tests.ContactUsTest.contactUs()'><b>contactUs</b><br>Test class: com.atmecs.demo_blazesite.tests.ContactUsTest<br>Parameters: abc@gmail.com, abc, Good One</td>
<td></td>
<td>0</td>
<td>com.atmecs.demo_blazesite.tests.ContactUsTest@23986957</td></tr>
<tr>
<td title='com.atmecs.demo_blazesite.tests.ContactUsTest.contactUs()'><b>contactUs</b><br>Test class: com.atmecs.demo_blazesite.tests.ContactUsTest<br>Parameters: def@gmail.com, abc, Good One</td>
<td></td>
<td>0</td>
<td>com.atmecs.demo_blazesite.tests.ContactUsTest@23986957</td></tr>
<tr>
<td title='com.atmecs.demo_blazesite.tests.LoginTest.logIn()'><b>logIn</b><br>Test class: com.atmecs.demo_blazesite.tests.LoginTest<br>Parameters: dev, Dev@12</td>
<td></td>
<td>0</td>
<td>com.atmecs.demo_blazesite.tests.LoginTest@1e730495</td></tr>
<tr>
<td title='com.atmecs.demo_blazesite.tests.LoginTest.logIn()'><b>logIn</b><br>Test class: com.atmecs.demo_blazesite.tests.LoginTest<br>Parameters: swg, swg@11</td>
<td></td>
<td>0</td>
<td>com.atmecs.demo_blazesite.tests.LoginTest@1e730495</td></tr>
<tr>
<td title='com.atmecs.demo_blazesite.tests.LoginTest.logIn()'><b>logIn</b><br>Test class: com.atmecs.demo_blazesite.tests.LoginTest<br>Parameters: dev, Dev@13</td>
<td></td>
<td>0</td>
<td>com.atmecs.demo_blazesite.tests.LoginTest@1e730495</td></tr>
<tr>
<td title='com.atmecs.demo_blazesite.tests.LoginTest.logIn()'><b>logIn</b><br>Test class: com.atmecs.demo_blazesite.tests.LoginTest<br>Parameters: swg, swg@12</td>
<td></td>
<td>0</td>
<td>com.atmecs.demo_blazesite.tests.LoginTest@1e730495</td></tr>
<tr>
<td title='com.atmecs.demo_blazesite.tests.LoginTest.logIn()'><b>logIn</b><br>Test class: com.atmecs.demo_blazesite.tests.LoginTest<br>Parameters: dev, Dev@14</td>
<td></td>
<td>0</td>
<td>com.atmecs.demo_blazesite.tests.LoginTest@1e730495</td></tr>
<tr>
<td title='com.atmecs.demo_blazesite.tests.SignInTest.signIn()'><b>signIn</b><br>Test class: com.atmecs.demo_blazesite.tests.SignInTest<br>Parameters: swg, swg@11</td>
<td></td>
<td>4</td>
<td>com.atmecs.demo_blazesite.tests.SignInTest@23f7d05d</td></tr>
<tr>
<td title='com.atmecs.demo_blazesite.tests.SignInTest.signIn()'><b>signIn</b><br>Test class: com.atmecs.demo_blazesite.tests.SignInTest<br>Parameters: dev, Dev@13</td>
<td></td>
<td>4</td>
<td>com.atmecs.demo_blazesite.tests.SignInTest@23f7d05d</td></tr>
<tr>
<td title='com.atmecs.demo_blazesite.tests.SignInTest.signIn()'><b>signIn</b><br>Test class: com.atmecs.demo_blazesite.tests.SignInTest<br>Parameters: swg, swg@12</td>
<td></td>
<td>3</td>
<td>com.atmecs.demo_blazesite.tests.SignInTest@23f7d05d</td></tr>
<tr>
<td title='com.atmecs.demo_blazesite.tests.SignInTest.signIn()'><b>signIn</b><br>Test class: com.atmecs.demo_blazesite.tests.SignInTest<br>Parameters: dev, Dev@14</td>
<td></td>
<td>3</td>
<td>com.atmecs.demo_blazesite.tests.SignInTest@23f7d05d</td></tr>
</table><p>
</body>
</html>