<?xml version="1.0" encoding="UTF-8"?>
<!-- Generated by org.testng.reporters.JUnitXMLReporter -->
<testsuite ignored="0" hostname="ATMECSINLT-601" failures="0" tests="17" name="test1" time="157.157" errors="0" timestamp="2020-10-07T11:04:32 IST">
  <testcase classname="com.atmecs.demo_blazesite.basetest.BaseTest" name="@AfterMethod afterTest" time="0.01">
    <failure type="org.openqa.selenium.UnhandledAlertException" message="unexpected alert open: {Alert text : Please fill out Username and Password.}
  (Session info: chrome=85.0.4183.121): Please fill out Username and Password.
Build info: version: &amp;apos;3.141.59&amp;apos;, revision: &amp;apos;e82be7d358&amp;apos;, time: &amp;apos;2018-11-14T08:17:03&amp;apos;
System info: host: &amp;apos;ATMECSINLT-601&amp;apos;, ip: &amp;apos;192.168.163.1&amp;apos;, os.name: &amp;apos;Windows 10&amp;apos;, os.arch: &amp;apos;amd64&amp;apos;, os.version: &amp;apos;10.0&amp;apos;, java.version: &amp;apos;14.0.1&amp;apos;
Driver info: org.openqa.selenium.chrome.ChromeDriver
Capabilities {acceptInsecureCerts: false, browserName: chrome, browserVersion: 85.0.4183.121, chrome: {chromedriverVersion: 85.0.4183.83 (94abc2237ae0c..., userDataDir: C:\Users\ALFIN~1.ANT\AppDat...}, goog:chromeOptions: {debuggerAddress: localhost:50804}, javascriptEnabled: true, networkConnectionEnabled: false, pageLoadStrategy: normal, platform: WINDOWS, platformName: WINDOWS, proxy: Proxy(), setWindowRect: true, strictFileInteractability: false, timeouts: {implicit: 0, pageLoad: 300000, script: 30000}, unhandledPromptBehavior: dismiss and notify, webauthn:virtualAuthenticators: true}
Session ID: ff0e2ec7251f737c2406e974cc514cc1">
      <![CDATA[org.openqa.selenium.UnhandledAlertException: unexpected alert open: {Alert text : Please fill out Username and Password.}
  (Session info: chrome=85.0.4183.121): Please fill out Username and Password.
Build info: version: '3.141.59', revision: 'e82be7d358', time: '2018-11-14T08:17:03'
System info: host: 'ATMECSINLT-601', ip: '192.168.163.1', os.name: 'Windows 10', os.arch: 'amd64', os.version: '10.0', java.version: '14.0.1'
Driver info: org.openqa.selenium.chrome.ChromeDriver
Capabilities {acceptInsecureCerts: false, browserName: chrome, browserVersion: 85.0.4183.121, chrome: {chromedriverVersion: 85.0.4183.83 (94abc2237ae0c..., userDataDir: C:\Users\ALFIN~1.ANT\AppDat...}, goog:chromeOptions: {debuggerAddress: localhost:50804}, javascriptEnabled: true, networkConnectionEnabled: false, pageLoadStrategy: normal, platform: WINDOWS, platformName: WINDOWS, proxy: Proxy(), setWindowRect: true, strictFileInteractability: false, timeouts: {implicit: 0, pageLoad: 300000, script: 30000}, unhandledPromptBehavior: dismiss and notify, webauthn:virtualAuthenticators: true}
Session ID: ff0e2ec7251f737c2406e974cc514cc1
at org.openqa.selenium.remote.http.W3CHttpResponseCodec.decode(W3CHttpResponseCodec.java:120)
at org.openqa.selenium.remote.http.W3CHttpResponseCodec.decode(W3CHttpResponseCodec.java:49)
at org.openqa.selenium.remote.HttpCommandExecutor.execute(HttpCommandExecutor.java:158)
at org.openqa.selenium.remote.service.DriverCommandExecutor.execute(DriverCommandExecutor.java:83)
at org.openqa.selenium.remote.RemoteWebDriver.execute(RemoteWebDriver.java:552)
at org.openqa.selenium.remote.RemoteWebDriver.execute(RemoteWebDriver.java:609)
at org.openqa.selenium.remote.RemoteWebDriver.close(RemoteWebDriver.java:442)
at com.atmecs.demo_blazesite.basetest.BaseTest.afterTest(BaseTest.java:60)
at java.base/java.util.ArrayList.forEach(ArrayList.java:1510)
at java.base/java.util.concurrent.FutureTask.run(FutureTask.java:264)
at java.base/java.util.concurrent.ThreadPoolExecutor.runWorker(ThreadPoolExecutor.java:1130)
at java.base/java.util.concurrent.ThreadPoolExecutor$Worker.run(ThreadPoolExecutor.java:630)
at java.base/java.lang.Thread.run(Thread.java:832)
... Removed 22 stack frames]]>
    </failure>
  </testcase> <!-- @AfterMethod afterTest -->
  <testcase classname="com.atmecs.demo_blazesite.basetest.BaseTest" name="@BeforeMethod beforeTest" time="-1.602048872439E9">
    <skipped/>
  </testcase> <!-- @BeforeMethod beforeTest -->
  <testcase classname="com.atmecs.demo_blazesite.basetest.BaseTest" name="@AfterMethod afterTest" time="-1.602048872441E9">
    <skipped/>
  </testcase> <!-- @AfterMethod afterTest -->
  <testcase classname="com.atmecs.demo_blazesite.basetest.BaseTest" name="@BeforeMethod beforeTest" time="-1.602048872441E9">
    <skipped/>
  </testcase> <!-- @BeforeMethod beforeTest -->
  <testcase classname="com.atmecs.demo_blazesite.basetest.BaseTest" name="@AfterMethod afterTest" time="-1.602048872442E9">
    <skipped/>
  </testcase> <!-- @AfterMethod afterTest -->
  <testcase classname="com.atmecs.demo_blazesite.basetest.BaseTest" name="@BeforeMethod beforeTest" time="-1.602048872443E9">
    <skipped/>
  </testcase> <!-- @BeforeMethod beforeTest -->
  <testcase classname="com.atmecs.demo_blazesite.basetest.BaseTest" name="@AfterMethod afterTest" time="-1.602048872444E9">
    <skipped/>
  </testcase> <!-- @AfterMethod afterTest -->
  <testcase classname="com.atmecs.demo_blazesite.tests.AddProduct" name="addProduct" time="3.879"/>
  <testcase classname="com.atmecs.demo_blazesite.tests.ContactUs" name="contactUs" time="0.895"/>
  <testcase classname="com.atmecs.demo_blazesite.tests.ContactUs" name="contactUs" time="0.902"/>
  <testcase classname="com.atmecs.demo_blazesite.tests.ContactUs" name="contactUs" time="0.623"/>
  <testcase classname="com.atmecs.demo_blazesite.tests.ContactUs" name="contactUs" time="0.509"/>
  <testcase classname="com.atmecs.demo_blazesite.tests.ContactUs" name="contactUs" time="0.581"/>
  <testcase classname="com.atmecs.demo_blazesite.tests.ContactUs" name="contactUs" time="0.707"/>
  <testcase classname="com.atmecs.demo_blazesite.tests.SignIn" name="signIn" time="1.479"/>
  <testcase classname="com.atmecs.demo_blazesite.tests.SignIn" name="signIn" time="1.606"/>
  <testcase classname="com.atmecs.demo_blazesite.tests.SignIn" name="signIn" time="1.559"/>
  <testcase classname="com.atmecs.demo_blazesite.tests.SignIn" name="signIn" time="1.475"/>
  <testcase classname="com.atmecs.demo_blazesite.tests.SignIn" name="signIn" time="1.503"/>
  <testcase classname="com.atmecs.demo_blazesite.tests.Login" name="logIn" time="0.42"/>
  <testcase classname="com.atmecs.demo_blazesite.tests.Login" name="logIn" time="0.701"/>
  <testcase classname="com.atmecs.demo_blazesite.tests.Login" name="logIn" time="0.0">
    <skipped/>
  </testcase> <!-- logIn -->
  <testcase classname="com.atmecs.demo_blazesite.tests.Login" name="logIn" time="0.0">
    <skipped/>
  </testcase> <!-- logIn -->
  <testcase classname="com.atmecs.demo_blazesite.tests.Login" name="logIn" time="0.0">
    <skipped/>
  </testcase> <!-- logIn -->
</testsuite> <!-- test1 -->
