<?xml version="1.0" encoding="UTF-8"?>
<!-- Generated by org.testng.reporters.JUnitXMLReporter -->
<testsuite ignored="0" hostname="ATMECSINLT-601" failures="1" tests="17" name="test2" time="280.272" errors="0" timestamp="2020-10-09T15:28:32 IST">
  <testcase classname="com.atmecs.demo_blazesite.tests.AddProductTest" name="addProduct" time="6.626"/>
  <testcase classname="com.atmecs.demo_blazesite.tests.ContactUsTest" name="contactUs" time="0.644"/>
  <testcase classname="com.atmecs.demo_blazesite.tests.ContactUsTest" name="contactUs" time="0.671"/>
  <testcase classname="com.atmecs.demo_blazesite.tests.ContactUsTest" name="contactUs" time="0.531"/>
  <testcase classname="com.atmecs.demo_blazesite.tests.ContactUsTest" name="contactUs" time="0.685"/>
  <testcase classname="com.atmecs.demo_blazesite.tests.ContactUsTest" name="contactUs" time="0.761"/>
  <testcase classname="com.atmecs.demo_blazesite.tests.ContactUsTest" name="contactUs" time="0.527"/>
  <testcase classname="com.atmecs.demo_blazesite.tests.SignInTest" name="signIn" time="5.73">
    <failure type="org.openqa.selenium.TimeoutException" message="Expected condition failed: waiting for alert to be present (tried for 5 second(s) with 500 milliseconds interval)
Build info: version: &amp;apos;3.141.59&amp;apos;, revision: &amp;apos;e82be7d358&amp;apos;, time: &amp;apos;2018-11-14T08:17:03&amp;apos;
System info: host: &amp;apos;ATMECSINLT-601&amp;apos;, ip: &amp;apos;192.168.163.1&amp;apos;, os.name: &amp;apos;Windows 10&amp;apos;, os.arch: &amp;apos;amd64&amp;apos;, os.version: &amp;apos;10.0&amp;apos;, java.version: &amp;apos;14.0.1&amp;apos;
Driver info: org.openqa.selenium.firefox.FirefoxDriver
Capabilities {acceptInsecureCerts: true, browserName: firefox, browserVersion: 80.0.1, javascriptEnabled: true, moz:accessibilityChecks: false, moz:buildID: 20200831163820, moz:geckodriverVersion: 0.27.0, moz:headless: false, moz:processID: 19216, moz:profile: C:\Users\alfin.anthonyraj\A..., moz:shutdownTimeout: 60000, moz:useNonSpecCompliantPointerOrigin: false, moz:webdriverClick: true, pageLoadStrategy: normal, platform: WINDOWS, platformName: WINDOWS, platformVersion: 10.0, rotatable: false, setWindowRect: true, strictFileInteractability: false, timeouts: {implicit: 0, pageLoad: 300000, script: 30000}, unhandledPromptBehavior: dismiss and notify}
Session ID: e059dd8b-f8d9-4eac-9db1-bc29eeded628">
      <![CDATA[org.openqa.selenium.TimeoutException: Expected condition failed: waiting for alert to be present (tried for 5 second(s) with 500 milliseconds interval)
Build info: version: '3.141.59', revision: 'e82be7d358', time: '2018-11-14T08:17:03'
System info: host: 'ATMECSINLT-601', ip: '192.168.163.1', os.name: 'Windows 10', os.arch: 'amd64', os.version: '10.0', java.version: '14.0.1'
Driver info: org.openqa.selenium.firefox.FirefoxDriver
Capabilities {acceptInsecureCerts: true, browserName: firefox, browserVersion: 80.0.1, javascriptEnabled: true, moz:accessibilityChecks: false, moz:buildID: 20200831163820, moz:geckodriverVersion: 0.27.0, moz:headless: false, moz:processID: 19216, moz:profile: C:\Users\alfin.anthonyraj\A..., moz:shutdownTimeout: 60000, moz:useNonSpecCompliantPointerOrigin: false, moz:webdriverClick: true, pageLoadStrategy: normal, platform: WINDOWS, platformName: WINDOWS, platformVersion: 10.0, rotatable: false, setWindowRect: true, strictFileInteractability: false, timeouts: {implicit: 0, pageLoad: 300000, script: 30000}, unhandledPromptBehavior: dismiss and notify}
Session ID: e059dd8b-f8d9-4eac-9db1-bc29eeded628
at org.openqa.selenium.support.ui.WebDriverWait.timeoutException(WebDriverWait.java:95)
at org.openqa.selenium.support.ui.FluentWait.until(FluentWait.java:272)
at com.atmecs.demo_blazesite.helpers.Helpers.WaitAndSwitchToAlert(Helpers.java:22)
at com.atmecs.demo_blazesite.pagehelper.SignInPage.signUpTest(SignInPage.java:53)
at com.atmecs.demo_blazesite.tests.SignInTest.signIn(SignInTest.java:17)
at java.base/java.util.ArrayList.forEach(ArrayList.java:1510)
at java.base/java.util.concurrent.FutureTask.run(FutureTask.java:264)
at java.base/java.util.concurrent.ThreadPoolExecutor.runWorker(ThreadPoolExecutor.java:1130)
at java.base/java.util.concurrent.ThreadPoolExecutor$Worker.run(ThreadPoolExecutor.java:630)
at java.base/java.lang.Thread.run(Thread.java:832)
... Removed 18 stack frames]]>
    </failure>
  </testcase> <!-- signIn -->
  <testcase classname="com.atmecs.demo_blazesite.tests.SignInTest" name="signIn" time="4.62"/>
  <testcase classname="com.atmecs.demo_blazesite.tests.SignInTest" name="signIn" time="4.122"/>
  <testcase classname="com.atmecs.demo_blazesite.tests.SignInTest" name="signIn" time="3.588"/>
  <testcase classname="com.atmecs.demo_blazesite.tests.SignInTest" name="signIn" time="3.337"/>
  <testcase classname="com.atmecs.demo_blazesite.tests.LoginTest" name="logIn" time="0.566"/>
  <testcase classname="com.atmecs.demo_blazesite.tests.LoginTest" name="logIn" time="0.568"/>
  <testcase classname="com.atmecs.demo_blazesite.tests.LoginTest" name="logIn" time="0.546"/>
  <testcase classname="com.atmecs.demo_blazesite.tests.LoginTest" name="logIn" time="0.554"/>
  <testcase classname="com.atmecs.demo_blazesite.tests.LoginTest" name="logIn" time="0.6"/>
</testsuite> <!-- test2 -->
