<!DOCTYPE html PUBLIC "-//W3C//DTD XHTML 1.1//EN" "https://www.w3.org/TR/xhtml11/DTD/xhtml11.dtd">
<html xmlns="https://www.w3.org/1999/xhtml">
<head>
<meta http-equiv="content-type" content="text/html; charset=UTF-8"/>
<title>TestNG Report</title>
<style type="text/css">table {margin-bottom:10px;border-collapse:collapse;empty-cells:show}th,td {border:1px solid #009;padding:.25em .5em}th {vertical-align:bottom}td {vertical-align:top}table a {font-weight:bold}.stripe td {background-color: #E6EBF9}.num {text-align:right}.passedodd td {background-color: #3F3}.passedeven td {background-color: #0A0}.skippedodd td {background-color: #DDD}.skippedeven td {background-color: #CCC}.failedodd td,.attn {background-color: #F33}.failedeven td,.stripe .attn {background-color: #D00}.stacktrace {white-space:pre;font-family:monospace}.totop {font-size:85%;text-align:center;border-bottom:2px solid #000}.invisible {display:none}</style>
</head>
<body>
<table>
<tr><th>Test</th><th># Passed</th><th># Skipped</th><th># Retried</th><th># Failed</th><th>Time (ms)</th><th>Included Groups</th><th>Excluded Groups</th></tr>
<tr><th colspan="8">Suite</th></tr>
<tr><td><a href="#t0">test</a></td><td class="num">0</td><td class="num attn">17</td><td class="num">0</td><td class="num">0</td><td class="num">1,598</td><td></td><td></td></tr>
</table>
<table id='summary'><thead><tr><th>Class</th><th>Method</th><th>Start</th><th>Time (ms)</th></tr></thead><tbody><tr><th colspan="4">Suite</th></tr></tbody><tbody id="t0"><tr><th colspan="4">test &#8212; failed (configuration methods)</th></tr><tr class="failedeven"><td rowspan="1">com.atmecs.demo_blazesite.tests.AddProduct</td><td><a href="#m0">beforeTest</a></td><td rowspan="1">1601962058843</td><td rowspan="1">-1601962058843</td></tr><tr class="failedodd"><td rowspan="1">com.atmecs.demo_blazesite.tests.ContactUs</td><td><a href="#m1">beforeTest</a></td><td rowspan="1">1601962060173</td><td rowspan="1">-1601962060173</td></tr><tr class="failedeven"><td rowspan="1">com.atmecs.demo_blazesite.tests.Login</td><td><a href="#m2">beforeTest</a></td><td rowspan="1">1601962060364</td><td rowspan="1">-1601962060364</td></tr><tr class="failedodd"><td rowspan="1">com.atmecs.demo_blazesite.tests.SignIn</td><td><a href="#m3">beforeTest</a></td><td rowspan="1">1601962060283</td><td rowspan="1">-1601962060283</td></tr><tr><th colspan="4">test &#8212; skipped (configuration methods)</th></tr><tr class="skippedeven"><td rowspan="1">com.atmecs.demo_blazesite.tests.AddProduct</td><td><a href="#m4">afterTest</a></td><td rowspan="1">1601962058868</td><td rowspan="1">-1601962058868</td></tr><tr class="skippedodd"><td rowspan="11">com.atmecs.demo_blazesite.tests.ContactUs</td><td><a href="#m5">afterTest</a></td><td rowspan="6">1601962060216</td><td rowspan="6">-1601962060216</td></tr><tr class="skippedodd"><td><a href="#m6">afterTest</a></td></tr><tr class="skippedodd"><td><a href="#m7">afterTest</a></td></tr><tr class="skippedodd"><td><a href="#m8">afterTest</a></td></tr><tr class="skippedodd"><td><a href="#m9">afterTest</a></td></tr><tr class="skippedodd"><td><a href="#m10">afterTest</a></td></tr><tr class="skippedodd"><td><a href="#m11">beforeTest</a></td><td rowspan="5">1601962060183</td><td rowspan="5">-1601962060183</td></tr><tr class="skippedodd"><td><a href="#m12">beforeTest</a></td></tr><tr class="skippedodd"><td><a href="#m13">beforeTest</a></td></tr><tr class="skippedodd"><td><a href="#m14">beforeTest</a></td></tr><tr class="skippedodd"><td><a href="#m15">beforeTest</a></td></tr><tr class="skippedeven"><td rowspan="9">com.atmecs.demo_blazesite.tests.Login</td><td><a href="#m16">afterTest</a></td><td rowspan="5">1601962060394</td><td rowspan="5">-1601962060394</td></tr><tr class="skippedeven"><td><a href="#m17">afterTest</a></td></tr><tr class="skippedeven"><td><a href="#m18">afterTest</a></td></tr><tr class="skippedeven"><td><a href="#m19">afterTest</a></td></tr><tr class="skippedeven"><td><a href="#m20">afterTest</a></td></tr><tr class="skippedeven"><td><a href="#m21">beforeTest</a></td><td rowspan="4">1601962060370</td><td rowspan="4">-1601962060370</td></tr><tr class="skippedeven"><td><a href="#m22">beforeTest</a></td></tr><tr class="skippedeven"><td><a href="#m23">beforeTest</a></td></tr><tr class="skippedeven"><td><a href="#m24">beforeTest</a></td></tr><tr class="skippedodd"><td rowspan="9">com.atmecs.demo_blazesite.tests.SignIn</td><td><a href="#m25">afterTest</a></td><td rowspan="5">1601962060312</td><td rowspan="5">-1601962060312</td></tr><tr class="skippedodd"><td><a href="#m26">afterTest</a></td></tr><tr class="skippedodd"><td><a href="#m27">afterTest</a></td></tr><tr class="skippedodd"><td><a href="#m28">afterTest</a></td></tr><tr class="skippedodd"><td><a href="#m29">afterTest</a></td></tr><tr class="skippedodd"><td><a href="#m30">beforeTest</a></td><td rowspan="4">1601962060302</td><td rowspan="4">-1601962060302</td></tr><tr class="skippedodd"><td><a href="#m31">beforeTest</a></td></tr><tr class="skippedodd"><td><a href="#m32">beforeTest</a></td></tr><tr class="skippedodd"><td><a href="#m33">beforeTest</a></td></tr><tr><th colspan="4">test &#8212; skipped</th></tr><tr class="skippedeven"><td rowspan="1">com.atmecs.demo_blazesite.tests.AddProduct</td><td><a href="#m34">addProduct</a></td><td rowspan="1">1601962058859</td><td rowspan="1">0</td></tr><tr class="skippedodd"><td rowspan="6">com.atmecs.demo_blazesite.tests.ContactUs</td><td><a href="#m35">contactUs</a></td><td rowspan="6">1601962060175</td><td rowspan="6">0</td></tr><tr class="skippedodd"><td><a href="#m36">contactUs</a></td></tr><tr class="skippedodd"><td><a href="#m37">contactUs</a></td></tr><tr class="skippedodd"><td><a href="#m38">contactUs</a></td></tr><tr class="skippedodd"><td><a href="#m39">contactUs</a></td></tr><tr class="skippedodd"><td><a href="#m40">contactUs</a></td></tr><tr class="skippedeven"><td rowspan="5">com.atmecs.demo_blazesite.tests.Login</td><td><a href="#m41">logIn</a></td><td rowspan="5">1601962060377</td><td rowspan="5">0</td></tr><tr class="skippedeven"><td><a href="#m42">logIn</a></td></tr><tr class="skippedeven"><td><a href="#m43">logIn</a></td></tr><tr class="skippedeven"><td><a href="#m44">logIn</a></td></tr><tr class="skippedeven"><td><a href="#m45">logIn</a></td></tr><tr class="skippedodd"><td rowspan="5">com.atmecs.demo_blazesite.tests.SignIn</td><td><a href="#m46">signIn</a></td><td rowspan="5">1601962060285</td><td rowspan="5">0</td></tr><tr class="skippedodd"><td><a href="#m47">signIn</a></td></tr><tr class="skippedodd"><td><a href="#m48">signIn</a></td></tr><tr class="skippedodd"><td><a href="#m49">signIn</a></td></tr><tr class="skippedodd"><td><a href="#m50">signIn</a></td></tr></tbody>
</table>
<h2>test</h2><h3 id="m0">com.atmecs.demo_blazesite.tests.AddProduct#beforeTest</h3><table class="result"><tr><th>Exception</th></tr><tr><td><div class="stacktrace">org.testng.TestNGException: 
Parameter &apos;browser&apos; is required by BeforeMethod on method beforeTest but has not been marked @Optional or defined
in C:\Users\alfin.anthonyraj\Automation_Selenium\demo_blazesite\testng.xml
	at java.base/java.util.ArrayList.forEach(ArrayList.java:1510)
... Removed 28 stack frames</div></td></tr></table><p class="totop"><a href="#summary">back to summary</a></p>
<h3 id="m1">com.atmecs.demo_blazesite.tests.ContactUs#beforeTest</h3><table class="result"><tr><th>Exception</th></tr><tr><td><div class="stacktrace">org.testng.TestNGException: 
Parameter &apos;browser&apos; is required by BeforeMethod on method beforeTest but has not been marked @Optional or defined
in C:\Users\alfin.anthonyraj\Automation_Selenium\demo_blazesite\testng.xml
	at java.base/java.util.ArrayList.forEach(ArrayList.java:1510)
... Removed 28 stack frames</div></td></tr></table><p class="totop"><a href="#summary">back to summary</a></p>
<h3 id="m2">com.atmecs.demo_blazesite.tests.Login#beforeTest</h3><table class="result"><tr><th>Exception</th></tr><tr><td><div class="stacktrace">org.testng.TestNGException: 
Parameter &apos;browser&apos; is required by BeforeMethod on method beforeTest but has not been marked @Optional or defined
in C:\Users\alfin.anthonyraj\Automation_Selenium\demo_blazesite\testng.xml
	at java.base/java.util.ArrayList.forEach(ArrayList.java:1510)
... Removed 28 stack frames</div></td></tr></table><p class="totop"><a href="#summary">back to summary</a></p>
<h3 id="m3">com.atmecs.demo_blazesite.tests.SignIn#beforeTest</h3><table class="result"><tr><th>Exception</th></tr><tr><td><div class="stacktrace">org.testng.TestNGException: 
Parameter &apos;browser&apos; is required by BeforeMethod on method beforeTest but has not been marked @Optional or defined
in C:\Users\alfin.anthonyraj\Automation_Selenium\demo_blazesite\testng.xml
	at java.base/java.util.ArrayList.forEach(ArrayList.java:1510)
... Removed 28 stack frames</div></td></tr></table><p class="totop"><a href="#summary">back to summary</a></p>
<h3 id="m4">com.atmecs.demo_blazesite.tests.AddProduct#afterTest</h3><table class="result"><tr><th class="invisible"/></tr></table><p class="totop"><a href="#summary">back to summary</a></p>
<h3 id="m5">com.atmecs.demo_blazesite.tests.ContactUs#afterTest</h3><table class="result"><tr><th class="invisible"/></tr></table><p class="totop"><a href="#summary">back to summary</a></p>
<h3 id="m6">com.atmecs.demo_blazesite.tests.ContactUs#afterTest</h3><table class="result"><tr><th class="invisible"/></tr></table><p class="totop"><a href="#summary">back to summary</a></p>
<h3 id="m7">com.atmecs.demo_blazesite.tests.ContactUs#afterTest</h3><table class="result"><tr><th class="invisible"/></tr></table><p class="totop"><a href="#summary">back to summary</a></p>
<h3 id="m8">com.atmecs.demo_blazesite.tests.ContactUs#afterTest</h3><table class="result"><tr><th class="invisible"/></tr></table><p class="totop"><a href="#summary">back to summary</a></p>
<h3 id="m9">com.atmecs.demo_blazesite.tests.ContactUs#afterTest</h3><table class="result"><tr><th class="invisible"/></tr></table><p class="totop"><a href="#summary">back to summary</a></p>
<h3 id="m10">com.atmecs.demo_blazesite.tests.ContactUs#afterTest</h3><table class="result"><tr><th class="invisible"/></tr></table><p class="totop"><a href="#summary">back to summary</a></p>
<h3 id="m11">com.atmecs.demo_blazesite.tests.ContactUs#beforeTest</h3><table class="result"><tr><th class="invisible"/></tr></table><p class="totop"><a href="#summary">back to summary</a></p>
<h3 id="m12">com.atmecs.demo_blazesite.tests.ContactUs#beforeTest</h3><table class="result"><tr><th class="invisible"/></tr></table><p class="totop"><a href="#summary">back to summary</a></p>
<h3 id="m13">com.atmecs.demo_blazesite.tests.ContactUs#beforeTest</h3><table class="result"><tr><th class="invisible"/></tr></table><p class="totop"><a href="#summary">back to summary</a></p>
<h3 id="m14">com.atmecs.demo_blazesite.tests.ContactUs#beforeTest</h3><table class="result"><tr><th class="invisible"/></tr></table><p class="totop"><a href="#summary">back to summary</a></p>
<h3 id="m15">com.atmecs.demo_blazesite.tests.ContactUs#beforeTest</h3><table class="result"><tr><th class="invisible"/></tr></table><p class="totop"><a href="#summary">back to summary</a></p>
<h3 id="m16">com.atmecs.demo_blazesite.tests.Login#afterTest</h3><table class="result"><tr><th class="invisible"/></tr></table><p class="totop"><a href="#summary">back to summary</a></p>
<h3 id="m17">com.atmecs.demo_blazesite.tests.Login#afterTest</h3><table class="result"><tr><th class="invisible"/></tr></table><p class="totop"><a href="#summary">back to summary</a></p>
<h3 id="m18">com.atmecs.demo_blazesite.tests.Login#afterTest</h3><table class="result"><tr><th class="invisible"/></tr></table><p class="totop"><a href="#summary">back to summary</a></p>
<h3 id="m19">com.atmecs.demo_blazesite.tests.Login#afterTest</h3><table class="result"><tr><th class="invisible"/></tr></table><p class="totop"><a href="#summary">back to summary</a></p>
<h3 id="m20">com.atmecs.demo_blazesite.tests.Login#afterTest</h3><table class="result"><tr><th class="invisible"/></tr></table><p class="totop"><a href="#summary">back to summary</a></p>
<h3 id="m21">com.atmecs.demo_blazesite.tests.Login#beforeTest</h3><table class="result"><tr><th class="invisible"/></tr></table><p class="totop"><a href="#summary">back to summary</a></p>
<h3 id="m22">com.atmecs.demo_blazesite.tests.Login#beforeTest</h3><table class="result"><tr><th class="invisible"/></tr></table><p class="totop"><a href="#summary">back to summary</a></p>
<h3 id="m23">com.atmecs.demo_blazesite.tests.Login#beforeTest</h3><table class="result"><tr><th class="invisible"/></tr></table><p class="totop"><a href="#summary">back to summary</a></p>
<h3 id="m24">com.atmecs.demo_blazesite.tests.Login#beforeTest</h3><table class="result"><tr><th class="invisible"/></tr></table><p class="totop"><a href="#summary">back to summary</a></p>
<h3 id="m25">com.atmecs.demo_blazesite.tests.SignIn#afterTest</h3><table class="result"><tr><th class="invisible"/></tr></table><p class="totop"><a href="#summary">back to summary</a></p>
<h3 id="m26">com.atmecs.demo_blazesite.tests.SignIn#afterTest</h3><table class="result"><tr><th class="invisible"/></tr></table><p class="totop"><a href="#summary">back to summary</a></p>
<h3 id="m27">com.atmecs.demo_blazesite.tests.SignIn#afterTest</h3><table class="result"><tr><th class="invisible"/></tr></table><p class="totop"><a href="#summary">back to summary</a></p>
<h3 id="m28">com.atmecs.demo_blazesite.tests.SignIn#afterTest</h3><table class="result"><tr><th class="invisible"/></tr></table><p class="totop"><a href="#summary">back to summary</a></p>
<h3 id="m29">com.atmecs.demo_blazesite.tests.SignIn#afterTest</h3><table class="result"><tr><th class="invisible"/></tr></table><p class="totop"><a href="#summary">back to summary</a></p>
<h3 id="m30">com.atmecs.demo_blazesite.tests.SignIn#beforeTest</h3><table class="result"><tr><th class="invisible"/></tr></table><p class="totop"><a href="#summary">back to summary</a></p>
<h3 id="m31">com.atmecs.demo_blazesite.tests.SignIn#beforeTest</h3><table class="result"><tr><th class="invisible"/></tr></table><p class="totop"><a href="#summary">back to summary</a></p>
<h3 id="m32">com.atmecs.demo_blazesite.tests.SignIn#beforeTest</h3><table class="result"><tr><th class="invisible"/></tr></table><p class="totop"><a href="#summary">back to summary</a></p>
<h3 id="m33">com.atmecs.demo_blazesite.tests.SignIn#beforeTest</h3><table class="result"><tr><th class="invisible"/></tr></table><p class="totop"><a href="#summary">back to summary</a></p>
<h3 id="m34">com.atmecs.demo_blazesite.tests.AddProduct#addProduct</h3><table class="result"><tr><th>Exception</th></tr><tr><td><div class="stacktrace">org.testng.TestNGException: 
Parameter &apos;browser&apos; is required by BeforeMethod on method beforeTest but has not been marked @Optional or defined
in C:\Users\alfin.anthonyraj\Automation_Selenium\demo_blazesite\testng.xml
	at java.base/java.util.ArrayList.forEach(ArrayList.java:1510)
... Removed 28 stack frames</div></td></tr></table><p class="totop"><a href="#summary">back to summary</a></p>
<h3 id="m35">com.atmecs.demo_blazesite.tests.ContactUs#contactUs</h3><table class="result"><tr><th>Exception</th></tr><tr><td><div class="stacktrace">org.testng.TestNGException: 
Parameter &apos;browser&apos; is required by BeforeMethod on method beforeTest but has not been marked @Optional or defined
in C:\Users\alfin.anthonyraj\Automation_Selenium\demo_blazesite\testng.xml
	at java.base/java.util.ArrayList.forEach(ArrayList.java:1510)
... Removed 28 stack frames</div></td></tr></table><p class="totop"><a href="#summary">back to summary</a></p>
<h3 id="m36">com.atmecs.demo_blazesite.tests.ContactUs#contactUs</h3><table class="result"><tr><th>Exception</th></tr><tr><td><div class="stacktrace">org.testng.TestNGException: 
Parameter &apos;browser&apos; is required by BeforeMethod on method beforeTest but has not been marked @Optional or defined
in C:\Users\alfin.anthonyraj\Automation_Selenium\demo_blazesite\testng.xml
	at java.base/java.util.ArrayList.forEach(ArrayList.java:1510)
... Removed 28 stack frames</div></td></tr></table><p class="totop"><a href="#summary">back to summary</a></p>
<h3 id="m37">com.atmecs.demo_blazesite.tests.ContactUs#contactUs</h3><table class="result"><tr><th>Exception</th></tr><tr><td><div class="stacktrace">org.testng.TestNGException: 
Parameter &apos;browser&apos; is required by BeforeMethod on method beforeTest but has not been marked @Optional or defined
in C:\Users\alfin.anthonyraj\Automation_Selenium\demo_blazesite\testng.xml
	at java.base/java.util.ArrayList.forEach(ArrayList.java:1510)
... Removed 28 stack frames</div></td></tr></table><p class="totop"><a href="#summary">back to summary</a></p>
<h3 id="m38">com.atmecs.demo_blazesite.tests.ContactUs#contactUs</h3><table class="result"><tr><th>Exception</th></tr><tr><td><div class="stacktrace">org.testng.TestNGException: 
Parameter &apos;browser&apos; is required by BeforeMethod on method beforeTest but has not been marked @Optional or defined
in C:\Users\alfin.anthonyraj\Automation_Selenium\demo_blazesite\testng.xml
	at java.base/java.util.ArrayList.forEach(ArrayList.java:1510)
... Removed 28 stack frames</div></td></tr></table><p class="totop"><a href="#summary">back to summary</a></p>
<h3 id="m39">com.atmecs.demo_blazesite.tests.ContactUs#contactUs</h3><table class="result"><tr><th>Exception</th></tr><tr><td><div class="stacktrace">org.testng.TestNGException: 
Parameter &apos;browser&apos; is required by BeforeMethod on method beforeTest but has not been marked @Optional or defined
in C:\Users\alfin.anthonyraj\Automation_Selenium\demo_blazesite\testng.xml
	at java.base/java.util.ArrayList.forEach(ArrayList.java:1510)
... Removed 28 stack frames</div></td></tr></table><p class="totop"><a href="#summary">back to summary</a></p>
<h3 id="m40">com.atmecs.demo_blazesite.tests.ContactUs#contactUs</h3><table class="result"><tr><th>Exception</th></tr><tr><td><div class="stacktrace">org.testng.TestNGException: 
Parameter &apos;browser&apos; is required by BeforeMethod on method beforeTest but has not been marked @Optional or defined
in C:\Users\alfin.anthonyraj\Automation_Selenium\demo_blazesite\testng.xml
	at java.base/java.util.ArrayList.forEach(ArrayList.java:1510)
... Removed 28 stack frames</div></td></tr></table><p class="totop"><a href="#summary">back to summary</a></p>
<h3 id="m41">com.atmecs.demo_blazesite.tests.Login#logIn</h3><table class="result"><tr><th>Exception</th></tr><tr><td><div class="stacktrace">org.testng.TestNGException: 
Parameter &apos;browser&apos; is required by BeforeMethod on method beforeTest but has not been marked @Optional or defined
in C:\Users\alfin.anthonyraj\Automation_Selenium\demo_blazesite\testng.xml
	at java.base/java.util.ArrayList.forEach(ArrayList.java:1510)
... Removed 28 stack frames</div></td></tr></table><p class="totop"><a href="#summary">back to summary</a></p>
<h3 id="m42">com.atmecs.demo_blazesite.tests.Login#logIn</h3><table class="result"><tr><th>Exception</th></tr><tr><td><div class="stacktrace">org.testng.TestNGException: 
Parameter &apos;browser&apos; is required by BeforeMethod on method beforeTest but has not been marked @Optional or defined
in C:\Users\alfin.anthonyraj\Automation_Selenium\demo_blazesite\testng.xml
	at java.base/java.util.ArrayList.forEach(ArrayList.java:1510)
... Removed 28 stack frames</div></td></tr></table><p class="totop"><a href="#summary">back to summary</a></p>
<h3 id="m43">com.atmecs.demo_blazesite.tests.Login#logIn</h3><table class="result"><tr><th>Exception</th></tr><tr><td><div class="stacktrace">org.testng.TestNGException: 
Parameter &apos;browser&apos; is required by BeforeMethod on method beforeTest but has not been marked @Optional or defined
in C:\Users\alfin.anthonyraj\Automation_Selenium\demo_blazesite\testng.xml
	at java.base/java.util.ArrayList.forEach(ArrayList.java:1510)
... Removed 28 stack frames</div></td></tr></table><p class="totop"><a href="#summary">back to summary</a></p>
<h3 id="m44">com.atmecs.demo_blazesite.tests.Login#logIn</h3><table class="result"><tr><th>Exception</th></tr><tr><td><div class="stacktrace">org.testng.TestNGException: 
Parameter &apos;browser&apos; is required by BeforeMethod on method beforeTest but has not been marked @Optional or defined
in C:\Users\alfin.anthonyraj\Automation_Selenium\demo_blazesite\testng.xml
	at java.base/java.util.ArrayList.forEach(ArrayList.java:1510)
... Removed 28 stack frames</div></td></tr></table><p class="totop"><a href="#summary">back to summary</a></p>
<h3 id="m45">com.atmecs.demo_blazesite.tests.Login#logIn</h3><table class="result"><tr><th>Exception</th></tr><tr><td><div class="stacktrace">org.testng.TestNGException: 
Parameter &apos;browser&apos; is required by BeforeMethod on method beforeTest but has not been marked @Optional or defined
in C:\Users\alfin.anthonyraj\Automation_Selenium\demo_blazesite\testng.xml
	at java.base/java.util.ArrayList.forEach(ArrayList.java:1510)
... Removed 28 stack frames</div></td></tr></table><p class="totop"><a href="#summary">back to summary</a></p>
<h3 id="m46">com.atmecs.demo_blazesite.tests.SignIn#signIn</h3><table class="result"><tr><th>Exception</th></tr><tr><td><div class="stacktrace">org.testng.TestNGException: 
Parameter &apos;browser&apos; is required by BeforeMethod on method beforeTest but has not been marked @Optional or defined
in C:\Users\alfin.anthonyraj\Automation_Selenium\demo_blazesite\testng.xml
	at java.base/java.util.ArrayList.forEach(ArrayList.java:1510)
... Removed 28 stack frames</div></td></tr></table><p class="totop"><a href="#summary">back to summary</a></p>
<h3 id="m47">com.atmecs.demo_blazesite.tests.SignIn#signIn</h3><table class="result"><tr><th>Exception</th></tr><tr><td><div class="stacktrace">org.testng.TestNGException: 
Parameter &apos;browser&apos; is required by BeforeMethod on method beforeTest but has not been marked @Optional or defined
in C:\Users\alfin.anthonyraj\Automation_Selenium\demo_blazesite\testng.xml
	at java.base/java.util.ArrayList.forEach(ArrayList.java:1510)
... Removed 28 stack frames</div></td></tr></table><p class="totop"><a href="#summary">back to summary</a></p>
<h3 id="m48">com.atmecs.demo_blazesite.tests.SignIn#signIn</h3><table class="result"><tr><th>Exception</th></tr><tr><td><div class="stacktrace">org.testng.TestNGException: 
Parameter &apos;browser&apos; is required by BeforeMethod on method beforeTest but has not been marked @Optional or defined
in C:\Users\alfin.anthonyraj\Automation_Selenium\demo_blazesite\testng.xml
	at java.base/java.util.ArrayList.forEach(ArrayList.java:1510)
... Removed 28 stack frames</div></td></tr></table><p class="totop"><a href="#summary">back to summary</a></p>
<h3 id="m49">com.atmecs.demo_blazesite.tests.SignIn#signIn</h3><table class="result"><tr><th>Exception</th></tr><tr><td><div class="stacktrace">org.testng.TestNGException: 
Parameter &apos;browser&apos; is required by BeforeMethod on method beforeTest but has not been marked @Optional or defined
in C:\Users\alfin.anthonyraj\Automation_Selenium\demo_blazesite\testng.xml
	at java.base/java.util.ArrayList.forEach(ArrayList.java:1510)
... Removed 28 stack frames</div></td></tr></table><p class="totop"><a href="#summary">back to summary</a></p>
<h3 id="m50">com.atmecs.demo_blazesite.tests.SignIn#signIn</h3><table class="result"><tr><th>Exception</th></tr><tr><td><div class="stacktrace">org.testng.TestNGException: 
Parameter &apos;browser&apos; is required by BeforeMethod on method beforeTest but has not been marked @Optional or defined
in C:\Users\alfin.anthonyraj\Automation_Selenium\demo_blazesite\testng.xml
	at java.base/java.util.ArrayList.forEach(ArrayList.java:1510)
... Removed 28 stack frames</div></td></tr></table><p class="totop"><a href="#summary">back to summary</a></p>
</body>
</html>
